0 info it worked if it ends with ok
1 verbose cli [ 'D:\\jstool\\node_js\\bin\\\\node.exe',
1 verbose cli   'D:\\jstool\\node_js\\bin\\node_modules\\npm\\bin\\npm-cli.js',
1 verbose cli   'install' ]
2 info using npm@1.3.9
3 info using node@v0.10.24
4 verbose node symlink D:\jstool\node_js\bin\\node.exe
5 error install Couldn't read dependencies
6 error Error: ENOENT, open 'E:\Cwq\project\sxtour2.0\WebRoot\html\js\cseajs\package.json'
7 error If you need help, you may report this log at:
7 error     <http://github.com/isaacs/npm/issues>
7 error or email it to:
7 error     <npm-@googlegroups.com>
8 error System Windows_NT 5.1.2600
9 error command "D:\\jstool\\node_js\\bin\\\\node.exe" "D:\\jstool\\node_js\\bin\\node_modules\\npm\\bin\\npm-cli.js" "install"
10 error cwd E:\Cwq\project\sxtour2.0\WebRoot\html\js\cseajs
11 error node -v v0.10.24
12 error npm -v 1.3.9
13 error path E:\Cwq\project\sxtour2.0\WebRoot\html\js\cseajs\package.json
14 error code ENOENT
15 error errno 34
16 verbose exit [ 34, true ]
